<?xml version="1.0" encoding="UTF-8"?>
<!-- Generated by org.testng.reporters.JUnitReportReporter -->
<testsuite hostname="supriya" failures="0" tests="1" name="com.comcast.crm.orgtest.CreateOrgwithconfigurationAnnotationTest" time="35.883" errors="0" timestamp="2024-06-25T13:03:54 IST" skipped="0">
  <testcase classname="com.comcast.crm.orgtest.CreateOrgwithconfigurationAnnotationTest" name="CreateOrg" time="35.883"/>
</testsuite> <!-- com.comcast.crm.orgtest.CreateOrgwithconfigurationAnnotationTest -->
