<?xml version="1.0" encoding="UTF-8"?>
<!-- Generated by org.testng.reporters.JUnitReportReporter -->
<testsuite hostname="supriya" failures="0" tests="1" name="com.comcast.crm.contacttest.CreateContactWithOrgTestngTest" time="80.902" errors="0" timestamp="2024-06-13T17:27:41 IST" skipped="0">
  <testcase classname="com.comcast.crm.contacttest.CreateContactWithOrgTestngTest" name="CreateContactWithOrgTest" time="80.902"/>
</testsuite> <!-- com.comcast.crm.contacttest.CreateContactWithOrgTestngTest -->
