<?xml version="1.0" encoding="UTF-8"?>
<!-- Generated by org.testng.reporters.JUnitReportReporter -->
<testsuite hostname="supriya" failures="0" tests="1" name="practice.test.UseofRetryAnalyzer" time="0.017" errors="0" timestamp="2024-06-19T13:07:46 IST" skipped="0">
  <testcase classname="practice.test.UseofRetryAnalyzer" name="activatesim" time="0.017"/>
</testsuite> <!-- practice.test.UseofRetryAnalyzer -->
