<?xml version="1.0" encoding="UTF-8"?>
<!-- Generated by org.testng.reporters.JUnitReportReporter -->
<testsuite hostname="supriya" failures="0" tests="1" name="com.comcast.crm.contacttest.CreateContactwithconfigurationAnnotationTest" time="1702.650" errors="0" timestamp="2024-06-25T10:59:39 IST" skipped="0">
  <testcase classname="com.comcast.crm.contacttest.CreateContactwithconfigurationAnnotationTest" name="createContactTest" time="1702.650"/>
</testsuite> <!-- com.comcast.crm.contacttest.CreateContactwithconfigurationAnnotationTest -->
